ARM GAS  /tmp/ccekNiHy.s 			page 1


   1              		.cpu cortex-m4
   2              		.eabi_attribute 27, 1
   3              		.eabi_attribute 28, 1
   4              		.eabi_attribute 20, 1
   5              		.eabi_attribute 21, 1
   6              		.eabi_attribute 23, 3
   7              		.eabi_attribute 24, 1
   8              		.eabi_attribute 25, 1
   9              		.eabi_attribute 26, 1
  10              		.eabi_attribute 30, 1
  11              		.eabi_attribute 34, 1
  12              		.eabi_attribute 18, 4
  13              		.file	"usbd_desc.c"
  14              		.text
  15              	.Ltext0:
  16              		.cfi_sections	.debug_frame
  17              		.section	.text.USBD_FS_DeviceDescriptor,"ax",%progbits
  18              		.align	1
  19              		.global	USBD_FS_DeviceDescriptor
  20              		.arch armv7e-m
  21              		.syntax unified
  22              		.thumb
  23              		.thumb_func
  24              		.fpu fpv4-sp-d16
  26              	USBD_FS_DeviceDescriptor:
  27              	.LVL0:
  28              	.LFB138:
  29              		.file 1 "USB_DEVICE/App/usbd_desc.c"
   1:USB_DEVICE/App/usbd_desc.c **** /* USER CODE BEGIN Header */
   2:USB_DEVICE/App/usbd_desc.c **** /**
   3:USB_DEVICE/App/usbd_desc.c ****   ******************************************************************************
   4:USB_DEVICE/App/usbd_desc.c ****   * @file           : App/usbd_desc.c
   5:USB_DEVICE/App/usbd_desc.c ****   * @version        : v1.0_Cube
   6:USB_DEVICE/App/usbd_desc.c ****   * @brief          : This file implements the USB device descriptors.
   7:USB_DEVICE/App/usbd_desc.c ****   ******************************************************************************
   8:USB_DEVICE/App/usbd_desc.c ****   * @attention
   9:USB_DEVICE/App/usbd_desc.c ****   *
  10:USB_DEVICE/App/usbd_desc.c ****   * Copyright (c) 2024 STMicroelectronics.
  11:USB_DEVICE/App/usbd_desc.c ****   * All rights reserved.
  12:USB_DEVICE/App/usbd_desc.c ****   *
  13:USB_DEVICE/App/usbd_desc.c ****   * This software is licensed under terms that can be found in the LICENSE file
  14:USB_DEVICE/App/usbd_desc.c ****   * in the root directory of this software component.
  15:USB_DEVICE/App/usbd_desc.c ****   * If no LICENSE file comes with this software, it is provided AS-IS.
  16:USB_DEVICE/App/usbd_desc.c ****   *
  17:USB_DEVICE/App/usbd_desc.c ****   ******************************************************************************
  18:USB_DEVICE/App/usbd_desc.c ****   */
  19:USB_DEVICE/App/usbd_desc.c **** /* USER CODE END Header */
  20:USB_DEVICE/App/usbd_desc.c **** 
  21:USB_DEVICE/App/usbd_desc.c **** /* Includes ------------------------------------------------------------------*/
  22:USB_DEVICE/App/usbd_desc.c **** #include "usbd_core.h"
  23:USB_DEVICE/App/usbd_desc.c **** #include "usbd_desc.h"
  24:USB_DEVICE/App/usbd_desc.c **** #include "usbd_conf.h"
  25:USB_DEVICE/App/usbd_desc.c **** 
  26:USB_DEVICE/App/usbd_desc.c **** /* USER CODE BEGIN INCLUDE */
  27:USB_DEVICE/App/usbd_desc.c **** 
  28:USB_DEVICE/App/usbd_desc.c **** /* USER CODE END INCLUDE */
  29:USB_DEVICE/App/usbd_desc.c **** 
ARM GAS  /tmp/ccekNiHy.s 			page 2


  30:USB_DEVICE/App/usbd_desc.c **** /* Private typedef -----------------------------------------------------------*/
  31:USB_DEVICE/App/usbd_desc.c **** /* Private define ------------------------------------------------------------*/
  32:USB_DEVICE/App/usbd_desc.c **** /* Private macro -------------------------------------------------------------*/
  33:USB_DEVICE/App/usbd_desc.c **** 
  34:USB_DEVICE/App/usbd_desc.c **** /* USER CODE BEGIN PV */
  35:USB_DEVICE/App/usbd_desc.c **** /* Private variables ---------------------------------------------------------*/
  36:USB_DEVICE/App/usbd_desc.c **** 
  37:USB_DEVICE/App/usbd_desc.c **** /* USER CODE END PV */
  38:USB_DEVICE/App/usbd_desc.c **** 
  39:USB_DEVICE/App/usbd_desc.c **** /** @addtogroup STM32_USB_OTG_DEVICE_LIBRARY
  40:USB_DEVICE/App/usbd_desc.c ****   * @{
  41:USB_DEVICE/App/usbd_desc.c ****   */
  42:USB_DEVICE/App/usbd_desc.c **** 
  43:USB_DEVICE/App/usbd_desc.c **** /** @addtogroup USBD_DESC
  44:USB_DEVICE/App/usbd_desc.c ****   * @{
  45:USB_DEVICE/App/usbd_desc.c ****   */
  46:USB_DEVICE/App/usbd_desc.c **** 
  47:USB_DEVICE/App/usbd_desc.c **** /** @defgroup USBD_DESC_Private_TypesDefinitions USBD_DESC_Private_TypesDefinitions
  48:USB_DEVICE/App/usbd_desc.c ****   * @brief Private types.
  49:USB_DEVICE/App/usbd_desc.c ****   * @{
  50:USB_DEVICE/App/usbd_desc.c ****   */
  51:USB_DEVICE/App/usbd_desc.c **** 
  52:USB_DEVICE/App/usbd_desc.c **** /* USER CODE BEGIN PRIVATE_TYPES */
  53:USB_DEVICE/App/usbd_desc.c **** 
  54:USB_DEVICE/App/usbd_desc.c **** /* USER CODE END PRIVATE_TYPES */
  55:USB_DEVICE/App/usbd_desc.c **** 
  56:USB_DEVICE/App/usbd_desc.c **** /**
  57:USB_DEVICE/App/usbd_desc.c ****   * @}
  58:USB_DEVICE/App/usbd_desc.c ****   */
  59:USB_DEVICE/App/usbd_desc.c **** 
  60:USB_DEVICE/App/usbd_desc.c **** /** @defgroup USBD_DESC_Private_Defines USBD_DESC_Private_Defines
  61:USB_DEVICE/App/usbd_desc.c ****   * @brief Private defines.
  62:USB_DEVICE/App/usbd_desc.c ****   * @{
  63:USB_DEVICE/App/usbd_desc.c ****   */
  64:USB_DEVICE/App/usbd_desc.c **** 
  65:USB_DEVICE/App/usbd_desc.c **** #define USBD_VID     1155
  66:USB_DEVICE/App/usbd_desc.c **** #define USBD_LANGID_STRING     1033
  67:USB_DEVICE/App/usbd_desc.c **** #define USBD_MANUFACTURER_STRING     "STMicroelectronics"
  68:USB_DEVICE/App/usbd_desc.c **** #define USBD_PID_FS     22317
  69:USB_DEVICE/App/usbd_desc.c **** #define USBD_PRODUCT_STRING_FS     "STM32 Human interface"
  70:USB_DEVICE/App/usbd_desc.c **** #define USBD_CONFIGURATION_STRING_FS     "HID Config"
  71:USB_DEVICE/App/usbd_desc.c **** #define USBD_INTERFACE_STRING_FS     "HID Interface"
  72:USB_DEVICE/App/usbd_desc.c **** 
  73:USB_DEVICE/App/usbd_desc.c **** #define USB_SIZ_BOS_DESC            0x0C
  74:USB_DEVICE/App/usbd_desc.c **** 
  75:USB_DEVICE/App/usbd_desc.c **** /* USER CODE BEGIN PRIVATE_DEFINES */
  76:USB_DEVICE/App/usbd_desc.c **** 
  77:USB_DEVICE/App/usbd_desc.c **** /* USER CODE END PRIVATE_DEFINES */
  78:USB_DEVICE/App/usbd_desc.c **** 
  79:USB_DEVICE/App/usbd_desc.c **** /**
  80:USB_DEVICE/App/usbd_desc.c ****   * @}
  81:USB_DEVICE/App/usbd_desc.c ****   */
  82:USB_DEVICE/App/usbd_desc.c **** 
  83:USB_DEVICE/App/usbd_desc.c **** /* USER CODE BEGIN 0 */
  84:USB_DEVICE/App/usbd_desc.c **** 
  85:USB_DEVICE/App/usbd_desc.c **** /* USER CODE END 0 */
  86:USB_DEVICE/App/usbd_desc.c **** 
ARM GAS  /tmp/ccekNiHy.s 			page 3


  87:USB_DEVICE/App/usbd_desc.c **** /** @defgroup USBD_DESC_Private_Macros USBD_DESC_Private_Macros
  88:USB_DEVICE/App/usbd_desc.c ****   * @brief Private macros.
  89:USB_DEVICE/App/usbd_desc.c ****   * @{
  90:USB_DEVICE/App/usbd_desc.c ****   */
  91:USB_DEVICE/App/usbd_desc.c **** 
  92:USB_DEVICE/App/usbd_desc.c **** /* USER CODE BEGIN PRIVATE_MACRO */
  93:USB_DEVICE/App/usbd_desc.c **** 
  94:USB_DEVICE/App/usbd_desc.c **** /* USER CODE END PRIVATE_MACRO */
  95:USB_DEVICE/App/usbd_desc.c **** 
  96:USB_DEVICE/App/usbd_desc.c **** /**
  97:USB_DEVICE/App/usbd_desc.c ****   * @}
  98:USB_DEVICE/App/usbd_desc.c ****   */
  99:USB_DEVICE/App/usbd_desc.c **** 
 100:USB_DEVICE/App/usbd_desc.c **** /** @defgroup USBD_DESC_Private_FunctionPrototypes USBD_DESC_Private_FunctionPrototypes
 101:USB_DEVICE/App/usbd_desc.c ****   * @brief Private functions declaration.
 102:USB_DEVICE/App/usbd_desc.c ****   * @{
 103:USB_DEVICE/App/usbd_desc.c ****   */
 104:USB_DEVICE/App/usbd_desc.c **** 
 105:USB_DEVICE/App/usbd_desc.c **** static void Get_SerialNum(void);
 106:USB_DEVICE/App/usbd_desc.c **** static void IntToUnicode(uint32_t value, uint8_t * pbuf, uint8_t len);
 107:USB_DEVICE/App/usbd_desc.c **** 
 108:USB_DEVICE/App/usbd_desc.c **** /**
 109:USB_DEVICE/App/usbd_desc.c ****   * @}
 110:USB_DEVICE/App/usbd_desc.c ****   */
 111:USB_DEVICE/App/usbd_desc.c **** 
 112:USB_DEVICE/App/usbd_desc.c **** /** @defgroup USBD_DESC_Private_FunctionPrototypes USBD_DESC_Private_FunctionPrototypes
 113:USB_DEVICE/App/usbd_desc.c ****   * @brief Private functions declaration for FS.
 114:USB_DEVICE/App/usbd_desc.c ****   * @{
 115:USB_DEVICE/App/usbd_desc.c ****   */
 116:USB_DEVICE/App/usbd_desc.c **** 
 117:USB_DEVICE/App/usbd_desc.c **** uint8_t * USBD_FS_DeviceDescriptor(USBD_SpeedTypeDef speed, uint16_t *length);
 118:USB_DEVICE/App/usbd_desc.c **** uint8_t * USBD_FS_LangIDStrDescriptor(USBD_SpeedTypeDef speed, uint16_t *length);
 119:USB_DEVICE/App/usbd_desc.c **** uint8_t * USBD_FS_ManufacturerStrDescriptor(USBD_SpeedTypeDef speed, uint16_t *length);
 120:USB_DEVICE/App/usbd_desc.c **** uint8_t * USBD_FS_ProductStrDescriptor(USBD_SpeedTypeDef speed, uint16_t *length);
 121:USB_DEVICE/App/usbd_desc.c **** uint8_t * USBD_FS_SerialStrDescriptor(USBD_SpeedTypeDef speed, uint16_t *length);
 122:USB_DEVICE/App/usbd_desc.c **** uint8_t * USBD_FS_ConfigStrDescriptor(USBD_SpeedTypeDef speed, uint16_t *length);
 123:USB_DEVICE/App/usbd_desc.c **** uint8_t * USBD_FS_InterfaceStrDescriptor(USBD_SpeedTypeDef speed, uint16_t *length);
 124:USB_DEVICE/App/usbd_desc.c **** #if (USBD_LPM_ENABLED == 1)
 125:USB_DEVICE/App/usbd_desc.c **** uint8_t * USBD_FS_USR_BOSDescriptor(USBD_SpeedTypeDef speed, uint16_t *length);
 126:USB_DEVICE/App/usbd_desc.c **** #endif /* (USBD_LPM_ENABLED == 1) */
 127:USB_DEVICE/App/usbd_desc.c **** 
 128:USB_DEVICE/App/usbd_desc.c **** /**
 129:USB_DEVICE/App/usbd_desc.c ****   * @}
 130:USB_DEVICE/App/usbd_desc.c ****   */
 131:USB_DEVICE/App/usbd_desc.c **** 
 132:USB_DEVICE/App/usbd_desc.c **** /** @defgroup USBD_DESC_Private_Variables USBD_DESC_Private_Variables
 133:USB_DEVICE/App/usbd_desc.c ****   * @brief Private variables.
 134:USB_DEVICE/App/usbd_desc.c ****   * @{
 135:USB_DEVICE/App/usbd_desc.c ****   */
 136:USB_DEVICE/App/usbd_desc.c **** 
 137:USB_DEVICE/App/usbd_desc.c **** USBD_DescriptorsTypeDef FS_Desc =
 138:USB_DEVICE/App/usbd_desc.c **** {
 139:USB_DEVICE/App/usbd_desc.c ****   USBD_FS_DeviceDescriptor
 140:USB_DEVICE/App/usbd_desc.c **** , USBD_FS_LangIDStrDescriptor
 141:USB_DEVICE/App/usbd_desc.c **** , USBD_FS_ManufacturerStrDescriptor
 142:USB_DEVICE/App/usbd_desc.c **** , USBD_FS_ProductStrDescriptor
 143:USB_DEVICE/App/usbd_desc.c **** , USBD_FS_SerialStrDescriptor
ARM GAS  /tmp/ccekNiHy.s 			page 4


 144:USB_DEVICE/App/usbd_desc.c **** , USBD_FS_ConfigStrDescriptor
 145:USB_DEVICE/App/usbd_desc.c **** , USBD_FS_InterfaceStrDescriptor
 146:USB_DEVICE/App/usbd_desc.c **** #if (USBD_LPM_ENABLED == 1)
 147:USB_DEVICE/App/usbd_desc.c **** , USBD_FS_USR_BOSDescriptor
 148:USB_DEVICE/App/usbd_desc.c **** #endif /* (USBD_LPM_ENABLED == 1) */
 149:USB_DEVICE/App/usbd_desc.c **** };
 150:USB_DEVICE/App/usbd_desc.c **** 
 151:USB_DEVICE/App/usbd_desc.c **** #if defined ( __ICCARM__ ) /* IAR Compiler */
 152:USB_DEVICE/App/usbd_desc.c ****   #pragma data_alignment=4
 153:USB_DEVICE/App/usbd_desc.c **** #endif /* defined ( __ICCARM__ ) */
 154:USB_DEVICE/App/usbd_desc.c **** /** USB standard device descriptor. */
 155:USB_DEVICE/App/usbd_desc.c **** __ALIGN_BEGIN uint8_t USBD_FS_DeviceDesc[USB_LEN_DEV_DESC] __ALIGN_END =
 156:USB_DEVICE/App/usbd_desc.c **** {
 157:USB_DEVICE/App/usbd_desc.c ****   0x12,                       /*bLength */
 158:USB_DEVICE/App/usbd_desc.c ****   USB_DESC_TYPE_DEVICE,       /*bDescriptorType*/
 159:USB_DEVICE/App/usbd_desc.c **** #if (USBD_LPM_ENABLED == 1)
 160:USB_DEVICE/App/usbd_desc.c ****   0x01,                       /*bcdUSB */ /* changed to USB version 2.01
 161:USB_DEVICE/App/usbd_desc.c ****                                              in order to support LPM L1 suspend
 162:USB_DEVICE/App/usbd_desc.c ****                                              resume test of USBCV3.0*/
 163:USB_DEVICE/App/usbd_desc.c **** #else
 164:USB_DEVICE/App/usbd_desc.c ****   0x00,                       /*bcdUSB */
 165:USB_DEVICE/App/usbd_desc.c **** #endif /* (USBD_LPM_ENABLED == 1) */
 166:USB_DEVICE/App/usbd_desc.c ****   0x02,
 167:USB_DEVICE/App/usbd_desc.c ****   0x00,                       /*bDeviceClass*/
 168:USB_DEVICE/App/usbd_desc.c ****   0x00,                       /*bDeviceSubClass*/
 169:USB_DEVICE/App/usbd_desc.c ****   0x00,                       /*bDeviceProtocol*/
 170:USB_DEVICE/App/usbd_desc.c ****   USB_MAX_EP0_SIZE,           /*bMaxPacketSize*/
 171:USB_DEVICE/App/usbd_desc.c ****   LOBYTE(USBD_VID),           /*idVendor*/
 172:USB_DEVICE/App/usbd_desc.c ****   HIBYTE(USBD_VID),           /*idVendor*/
 173:USB_DEVICE/App/usbd_desc.c ****   LOBYTE(USBD_PID_FS),        /*idProduct*/
 174:USB_DEVICE/App/usbd_desc.c ****   HIBYTE(USBD_PID_FS),        /*idProduct*/
 175:USB_DEVICE/App/usbd_desc.c ****   0x00,                       /*bcdDevice rel. 2.00*/
 176:USB_DEVICE/App/usbd_desc.c ****   0x02,
 177:USB_DEVICE/App/usbd_desc.c ****   USBD_IDX_MFC_STR,           /*Index of manufacturer  string*/
 178:USB_DEVICE/App/usbd_desc.c ****   USBD_IDX_PRODUCT_STR,       /*Index of product string*/
 179:USB_DEVICE/App/usbd_desc.c ****   USBD_IDX_SERIAL_STR,        /*Index of serial number string*/
 180:USB_DEVICE/App/usbd_desc.c ****   USBD_MAX_NUM_CONFIGURATION  /*bNumConfigurations*/
 181:USB_DEVICE/App/usbd_desc.c **** };
 182:USB_DEVICE/App/usbd_desc.c **** 
 183:USB_DEVICE/App/usbd_desc.c **** /* USB_DeviceDescriptor */
 184:USB_DEVICE/App/usbd_desc.c **** /** BOS descriptor. */
 185:USB_DEVICE/App/usbd_desc.c **** #if (USBD_LPM_ENABLED == 1)
 186:USB_DEVICE/App/usbd_desc.c **** #if defined ( __ICCARM__ ) /* IAR Compiler */
 187:USB_DEVICE/App/usbd_desc.c ****   #pragma data_alignment=4
 188:USB_DEVICE/App/usbd_desc.c **** #endif /* defined ( __ICCARM__ ) */
 189:USB_DEVICE/App/usbd_desc.c **** __ALIGN_BEGIN uint8_t USBD_FS_BOSDesc[USB_SIZ_BOS_DESC] __ALIGN_END =
 190:USB_DEVICE/App/usbd_desc.c **** {
 191:USB_DEVICE/App/usbd_desc.c ****   0x5,
 192:USB_DEVICE/App/usbd_desc.c ****   USB_DESC_TYPE_BOS,
 193:USB_DEVICE/App/usbd_desc.c ****   0xC,
 194:USB_DEVICE/App/usbd_desc.c ****   0x0,
 195:USB_DEVICE/App/usbd_desc.c ****   0x1,  /* 1 device capability*/
 196:USB_DEVICE/App/usbd_desc.c ****         /* device capability*/
 197:USB_DEVICE/App/usbd_desc.c ****   0x7,
 198:USB_DEVICE/App/usbd_desc.c ****   USB_DEVICE_CAPABITY_TYPE,
 199:USB_DEVICE/App/usbd_desc.c ****   0x2,
 200:USB_DEVICE/App/usbd_desc.c ****   0x2,  /* LPM capability bit set*/
ARM GAS  /tmp/ccekNiHy.s 			page 5


 201:USB_DEVICE/App/usbd_desc.c ****   0x0,
 202:USB_DEVICE/App/usbd_desc.c ****   0x0,
 203:USB_DEVICE/App/usbd_desc.c ****   0x0
 204:USB_DEVICE/App/usbd_desc.c **** };
 205:USB_DEVICE/App/usbd_desc.c **** #endif /* (USBD_LPM_ENABLED == 1) */
 206:USB_DEVICE/App/usbd_desc.c **** 
 207:USB_DEVICE/App/usbd_desc.c **** /**
 208:USB_DEVICE/App/usbd_desc.c ****   * @}
 209:USB_DEVICE/App/usbd_desc.c ****   */
 210:USB_DEVICE/App/usbd_desc.c **** 
 211:USB_DEVICE/App/usbd_desc.c **** /** @defgroup USBD_DESC_Private_Variables USBD_DESC_Private_Variables
 212:USB_DEVICE/App/usbd_desc.c ****   * @brief Private variables.
 213:USB_DEVICE/App/usbd_desc.c ****   * @{
 214:USB_DEVICE/App/usbd_desc.c ****   */
 215:USB_DEVICE/App/usbd_desc.c **** 
 216:USB_DEVICE/App/usbd_desc.c **** #if defined ( __ICCARM__ ) /* IAR Compiler */
 217:USB_DEVICE/App/usbd_desc.c ****   #pragma data_alignment=4
 218:USB_DEVICE/App/usbd_desc.c **** #endif /* defined ( __ICCARM__ ) */
 219:USB_DEVICE/App/usbd_desc.c **** 
 220:USB_DEVICE/App/usbd_desc.c **** /** USB lang identifier descriptor. */
 221:USB_DEVICE/App/usbd_desc.c **** __ALIGN_BEGIN uint8_t USBD_LangIDDesc[USB_LEN_LANGID_STR_DESC] __ALIGN_END =
 222:USB_DEVICE/App/usbd_desc.c **** {
 223:USB_DEVICE/App/usbd_desc.c ****      USB_LEN_LANGID_STR_DESC,
 224:USB_DEVICE/App/usbd_desc.c ****      USB_DESC_TYPE_STRING,
 225:USB_DEVICE/App/usbd_desc.c ****      LOBYTE(USBD_LANGID_STRING),
 226:USB_DEVICE/App/usbd_desc.c ****      HIBYTE(USBD_LANGID_STRING)
 227:USB_DEVICE/App/usbd_desc.c **** };
 228:USB_DEVICE/App/usbd_desc.c **** 
 229:USB_DEVICE/App/usbd_desc.c **** #if defined ( __ICCARM__ ) /* IAR Compiler */
 230:USB_DEVICE/App/usbd_desc.c ****   #pragma data_alignment=4
 231:USB_DEVICE/App/usbd_desc.c **** #endif /* defined ( __ICCARM__ ) */
 232:USB_DEVICE/App/usbd_desc.c **** /* Internal string descriptor. */
 233:USB_DEVICE/App/usbd_desc.c **** __ALIGN_BEGIN uint8_t USBD_StrDesc[USBD_MAX_STR_DESC_SIZ] __ALIGN_END;
 234:USB_DEVICE/App/usbd_desc.c **** 
 235:USB_DEVICE/App/usbd_desc.c **** #if defined ( __ICCARM__ ) /*!< IAR Compiler */
 236:USB_DEVICE/App/usbd_desc.c ****   #pragma data_alignment=4
 237:USB_DEVICE/App/usbd_desc.c **** #endif
 238:USB_DEVICE/App/usbd_desc.c **** __ALIGN_BEGIN uint8_t USBD_StringSerial[USB_SIZ_STRING_SERIAL] __ALIGN_END = {
 239:USB_DEVICE/App/usbd_desc.c ****   USB_SIZ_STRING_SERIAL,
 240:USB_DEVICE/App/usbd_desc.c ****   USB_DESC_TYPE_STRING,
 241:USB_DEVICE/App/usbd_desc.c **** };
 242:USB_DEVICE/App/usbd_desc.c **** 
 243:USB_DEVICE/App/usbd_desc.c **** /**
 244:USB_DEVICE/App/usbd_desc.c ****   * @}
 245:USB_DEVICE/App/usbd_desc.c ****   */
 246:USB_DEVICE/App/usbd_desc.c **** 
 247:USB_DEVICE/App/usbd_desc.c **** /** @defgroup USBD_DESC_Private_Functions USBD_DESC_Private_Functions
 248:USB_DEVICE/App/usbd_desc.c ****   * @brief Private functions.
 249:USB_DEVICE/App/usbd_desc.c ****   * @{
 250:USB_DEVICE/App/usbd_desc.c ****   */
 251:USB_DEVICE/App/usbd_desc.c **** 
 252:USB_DEVICE/App/usbd_desc.c **** /**
 253:USB_DEVICE/App/usbd_desc.c ****   * @brief  Return the device descriptor
 254:USB_DEVICE/App/usbd_desc.c ****   * @param  speed : Current device speed
 255:USB_DEVICE/App/usbd_desc.c ****   * @param  length : Pointer to data length variable
 256:USB_DEVICE/App/usbd_desc.c ****   * @retval Pointer to descriptor buffer
 257:USB_DEVICE/App/usbd_desc.c ****   */
ARM GAS  /tmp/ccekNiHy.s 			page 6


 258:USB_DEVICE/App/usbd_desc.c **** uint8_t * USBD_FS_DeviceDescriptor(USBD_SpeedTypeDef speed, uint16_t *length)
 259:USB_DEVICE/App/usbd_desc.c **** {
  30              		.loc 1 259 1 view -0
  31              		.cfi_startproc
  32              		@ args = 0, pretend = 0, frame = 0
  33              		@ frame_needed = 0, uses_anonymous_args = 0
  34              		@ link register save eliminated.
 260:USB_DEVICE/App/usbd_desc.c ****   UNUSED(speed);
  35              		.loc 1 260 3 view .LVU1
 261:USB_DEVICE/App/usbd_desc.c ****   *length = sizeof(USBD_FS_DeviceDesc);
  36              		.loc 1 261 3 view .LVU2
  37              		.loc 1 261 11 is_stmt 0 view .LVU3
  38 0000 1223     		movs	r3, #18
  39 0002 0B80     		strh	r3, [r1]	@ movhi
 262:USB_DEVICE/App/usbd_desc.c ****   return USBD_FS_DeviceDesc;
  40              		.loc 1 262 3 is_stmt 1 view .LVU4
 263:USB_DEVICE/App/usbd_desc.c **** }
  41              		.loc 1 263 1 is_stmt 0 view .LVU5
  42 0004 0048     		ldr	r0, .L2
  43              	.LVL1:
  44              		.loc 1 263 1 view .LVU6
  45 0006 7047     		bx	lr
  46              	.L3:
  47              		.align	2
  48              	.L2:
  49 0008 00000000 		.word	.LANCHOR0
  50              		.cfi_endproc
  51              	.LFE138:
  53              		.section	.text.USBD_FS_LangIDStrDescriptor,"ax",%progbits
  54              		.align	1
  55              		.global	USBD_FS_LangIDStrDescriptor
  56              		.syntax unified
  57              		.thumb
  58              		.thumb_func
  59              		.fpu fpv4-sp-d16
  61              	USBD_FS_LangIDStrDescriptor:
  62              	.LVL2:
  63              	.LFB139:
 264:USB_DEVICE/App/usbd_desc.c **** 
 265:USB_DEVICE/App/usbd_desc.c **** /**
 266:USB_DEVICE/App/usbd_desc.c ****   * @brief  Return the LangID string descriptor
 267:USB_DEVICE/App/usbd_desc.c ****   * @param  speed : Current device speed
 268:USB_DEVICE/App/usbd_desc.c ****   * @param  length : Pointer to data length variable
 269:USB_DEVICE/App/usbd_desc.c ****   * @retval Pointer to descriptor buffer
 270:USB_DEVICE/App/usbd_desc.c ****   */
 271:USB_DEVICE/App/usbd_desc.c **** uint8_t * USBD_FS_LangIDStrDescriptor(USBD_SpeedTypeDef speed, uint16_t *length)
 272:USB_DEVICE/App/usbd_desc.c **** {
  64              		.loc 1 272 1 is_stmt 1 view -0
  65              		.cfi_startproc
  66              		@ args = 0, pretend = 0, frame = 0
  67              		@ frame_needed = 0, uses_anonymous_args = 0
  68              		@ link register save eliminated.
 273:USB_DEVICE/App/usbd_desc.c ****   UNUSED(speed);
  69              		.loc 1 273 3 view .LVU8
 274:USB_DEVICE/App/usbd_desc.c ****   *length = sizeof(USBD_LangIDDesc);
  70              		.loc 1 274 3 view .LVU9
  71              		.loc 1 274 11 is_stmt 0 view .LVU10
ARM GAS  /tmp/ccekNiHy.s 			page 7


  72 0000 0423     		movs	r3, #4
  73 0002 0B80     		strh	r3, [r1]	@ movhi
 275:USB_DEVICE/App/usbd_desc.c ****   return USBD_LangIDDesc;
  74              		.loc 1 275 3 is_stmt 1 view .LVU11
 276:USB_DEVICE/App/usbd_desc.c **** }
  75              		.loc 1 276 1 is_stmt 0 view .LVU12
  76 0004 0048     		ldr	r0, .L5
  77              	.LVL3:
  78              		.loc 1 276 1 view .LVU13
  79 0006 7047     		bx	lr
  80              	.L6:
  81              		.align	2
  82              	.L5:
  83 0008 00000000 		.word	.LANCHOR1
  84              		.cfi_endproc
  85              	.LFE139:
  87              		.section	.text.IntToUnicode,"ax",%progbits
  88              		.align	1
  89              		.syntax unified
  90              		.thumb
  91              		.thumb_func
  92              		.fpu fpv4-sp-d16
  94              	IntToUnicode:
  95              	.LVL4:
  96              	.LFB146:
 277:USB_DEVICE/App/usbd_desc.c **** 
 278:USB_DEVICE/App/usbd_desc.c **** /**
 279:USB_DEVICE/App/usbd_desc.c ****   * @brief  Return the product string descriptor
 280:USB_DEVICE/App/usbd_desc.c ****   * @param  speed : Current device speed
 281:USB_DEVICE/App/usbd_desc.c ****   * @param  length : Pointer to data length variable
 282:USB_DEVICE/App/usbd_desc.c ****   * @retval Pointer to descriptor buffer
 283:USB_DEVICE/App/usbd_desc.c ****   */
 284:USB_DEVICE/App/usbd_desc.c **** uint8_t * USBD_FS_ProductStrDescriptor(USBD_SpeedTypeDef speed, uint16_t *length)
 285:USB_DEVICE/App/usbd_desc.c **** {
 286:USB_DEVICE/App/usbd_desc.c ****   if(speed == 0)
 287:USB_DEVICE/App/usbd_desc.c ****   {
 288:USB_DEVICE/App/usbd_desc.c ****     USBD_GetString((uint8_t *)USBD_PRODUCT_STRING_FS, USBD_StrDesc, length);
 289:USB_DEVICE/App/usbd_desc.c ****   }
 290:USB_DEVICE/App/usbd_desc.c ****   else
 291:USB_DEVICE/App/usbd_desc.c ****   {
 292:USB_DEVICE/App/usbd_desc.c ****     USBD_GetString((uint8_t *)USBD_PRODUCT_STRING_FS, USBD_StrDesc, length);
 293:USB_DEVICE/App/usbd_desc.c ****   }
 294:USB_DEVICE/App/usbd_desc.c ****   return USBD_StrDesc;
 295:USB_DEVICE/App/usbd_desc.c **** }
 296:USB_DEVICE/App/usbd_desc.c **** 
 297:USB_DEVICE/App/usbd_desc.c **** /**
 298:USB_DEVICE/App/usbd_desc.c ****   * @brief  Return the manufacturer string descriptor
 299:USB_DEVICE/App/usbd_desc.c ****   * @param  speed : Current device speed
 300:USB_DEVICE/App/usbd_desc.c ****   * @param  length : Pointer to data length variable
 301:USB_DEVICE/App/usbd_desc.c ****   * @retval Pointer to descriptor buffer
 302:USB_DEVICE/App/usbd_desc.c ****   */
 303:USB_DEVICE/App/usbd_desc.c **** uint8_t * USBD_FS_ManufacturerStrDescriptor(USBD_SpeedTypeDef speed, uint16_t *length)
 304:USB_DEVICE/App/usbd_desc.c **** {
 305:USB_DEVICE/App/usbd_desc.c ****   UNUSED(speed);
 306:USB_DEVICE/App/usbd_desc.c ****   USBD_GetString((uint8_t *)USBD_MANUFACTURER_STRING, USBD_StrDesc, length);
 307:USB_DEVICE/App/usbd_desc.c ****   return USBD_StrDesc;
 308:USB_DEVICE/App/usbd_desc.c **** }
ARM GAS  /tmp/ccekNiHy.s 			page 8


 309:USB_DEVICE/App/usbd_desc.c **** 
 310:USB_DEVICE/App/usbd_desc.c **** /**
 311:USB_DEVICE/App/usbd_desc.c ****   * @brief  Return the serial number string descriptor
 312:USB_DEVICE/App/usbd_desc.c ****   * @param  speed : Current device speed
 313:USB_DEVICE/App/usbd_desc.c ****   * @param  length : Pointer to data length variable
 314:USB_DEVICE/App/usbd_desc.c ****   * @retval Pointer to descriptor buffer
 315:USB_DEVICE/App/usbd_desc.c ****   */
 316:USB_DEVICE/App/usbd_desc.c **** uint8_t * USBD_FS_SerialStrDescriptor(USBD_SpeedTypeDef speed, uint16_t *length)
 317:USB_DEVICE/App/usbd_desc.c **** {
 318:USB_DEVICE/App/usbd_desc.c ****   UNUSED(speed);
 319:USB_DEVICE/App/usbd_desc.c ****   *length = USB_SIZ_STRING_SERIAL;
 320:USB_DEVICE/App/usbd_desc.c **** 
 321:USB_DEVICE/App/usbd_desc.c ****   /* Update the serial number string descriptor with the data from the unique
 322:USB_DEVICE/App/usbd_desc.c ****    * ID */
 323:USB_DEVICE/App/usbd_desc.c ****   Get_SerialNum();
 324:USB_DEVICE/App/usbd_desc.c ****   /* USER CODE BEGIN USBD_FS_SerialStrDescriptor */
 325:USB_DEVICE/App/usbd_desc.c **** 
 326:USB_DEVICE/App/usbd_desc.c ****   /* USER CODE END USBD_FS_SerialStrDescriptor */
 327:USB_DEVICE/App/usbd_desc.c ****   return (uint8_t *) USBD_StringSerial;
 328:USB_DEVICE/App/usbd_desc.c **** }
 329:USB_DEVICE/App/usbd_desc.c **** 
 330:USB_DEVICE/App/usbd_desc.c **** /**
 331:USB_DEVICE/App/usbd_desc.c ****   * @brief  Return the configuration string descriptor
 332:USB_DEVICE/App/usbd_desc.c ****   * @param  speed : Current device speed
 333:USB_DEVICE/App/usbd_desc.c ****   * @param  length : Pointer to data length variable
 334:USB_DEVICE/App/usbd_desc.c ****   * @retval Pointer to descriptor buffer
 335:USB_DEVICE/App/usbd_desc.c ****   */
 336:USB_DEVICE/App/usbd_desc.c **** uint8_t * USBD_FS_ConfigStrDescriptor(USBD_SpeedTypeDef speed, uint16_t *length)
 337:USB_DEVICE/App/usbd_desc.c **** {
 338:USB_DEVICE/App/usbd_desc.c ****   if(speed == USBD_SPEED_HIGH)
 339:USB_DEVICE/App/usbd_desc.c ****   {
 340:USB_DEVICE/App/usbd_desc.c ****     USBD_GetString((uint8_t *)USBD_CONFIGURATION_STRING_FS, USBD_StrDesc, length);
 341:USB_DEVICE/App/usbd_desc.c ****   }
 342:USB_DEVICE/App/usbd_desc.c ****   else
 343:USB_DEVICE/App/usbd_desc.c ****   {
 344:USB_DEVICE/App/usbd_desc.c ****     USBD_GetString((uint8_t *)USBD_CONFIGURATION_STRING_FS, USBD_StrDesc, length);
 345:USB_DEVICE/App/usbd_desc.c ****   }
 346:USB_DEVICE/App/usbd_desc.c ****   return USBD_StrDesc;
 347:USB_DEVICE/App/usbd_desc.c **** }
 348:USB_DEVICE/App/usbd_desc.c **** 
 349:USB_DEVICE/App/usbd_desc.c **** /**
 350:USB_DEVICE/App/usbd_desc.c ****   * @brief  Return the interface string descriptor
 351:USB_DEVICE/App/usbd_desc.c ****   * @param  speed : Current device speed
 352:USB_DEVICE/App/usbd_desc.c ****   * @param  length : Pointer to data length variable
 353:USB_DEVICE/App/usbd_desc.c ****   * @retval Pointer to descriptor buffer
 354:USB_DEVICE/App/usbd_desc.c ****   */
 355:USB_DEVICE/App/usbd_desc.c **** uint8_t * USBD_FS_InterfaceStrDescriptor(USBD_SpeedTypeDef speed, uint16_t *length)
 356:USB_DEVICE/App/usbd_desc.c **** {
 357:USB_DEVICE/App/usbd_desc.c ****   if(speed == 0)
 358:USB_DEVICE/App/usbd_desc.c ****   {
 359:USB_DEVICE/App/usbd_desc.c ****     USBD_GetString((uint8_t *)USBD_INTERFACE_STRING_FS, USBD_StrDesc, length);
 360:USB_DEVICE/App/usbd_desc.c ****   }
 361:USB_DEVICE/App/usbd_desc.c ****   else
 362:USB_DEVICE/App/usbd_desc.c ****   {
 363:USB_DEVICE/App/usbd_desc.c ****     USBD_GetString((uint8_t *)USBD_INTERFACE_STRING_FS, USBD_StrDesc, length);
 364:USB_DEVICE/App/usbd_desc.c ****   }
 365:USB_DEVICE/App/usbd_desc.c ****   return USBD_StrDesc;
ARM GAS  /tmp/ccekNiHy.s 			page 9


 366:USB_DEVICE/App/usbd_desc.c **** }
 367:USB_DEVICE/App/usbd_desc.c **** 
 368:USB_DEVICE/App/usbd_desc.c **** #if (USBD_LPM_ENABLED == 1)
 369:USB_DEVICE/App/usbd_desc.c **** /**
 370:USB_DEVICE/App/usbd_desc.c ****   * @brief  Return the BOS descriptor
 371:USB_DEVICE/App/usbd_desc.c ****   * @param  speed : Current device speed
 372:USB_DEVICE/App/usbd_desc.c ****   * @param  length : Pointer to data length variable
 373:USB_DEVICE/App/usbd_desc.c ****   * @retval Pointer to descriptor buffer
 374:USB_DEVICE/App/usbd_desc.c ****   */
 375:USB_DEVICE/App/usbd_desc.c **** uint8_t * USBD_FS_USR_BOSDescriptor(USBD_SpeedTypeDef speed, uint16_t *length)
 376:USB_DEVICE/App/usbd_desc.c **** {
 377:USB_DEVICE/App/usbd_desc.c ****   UNUSED(speed);
 378:USB_DEVICE/App/usbd_desc.c ****   *length = sizeof(USBD_FS_BOSDesc);
 379:USB_DEVICE/App/usbd_desc.c ****   return (uint8_t*)USBD_FS_BOSDesc;
 380:USB_DEVICE/App/usbd_desc.c **** }
 381:USB_DEVICE/App/usbd_desc.c **** #endif /* (USBD_LPM_ENABLED == 1) */
 382:USB_DEVICE/App/usbd_desc.c **** 
 383:USB_DEVICE/App/usbd_desc.c **** /**
 384:USB_DEVICE/App/usbd_desc.c ****   * @brief  Create the serial number string descriptor
 385:USB_DEVICE/App/usbd_desc.c ****   * @param  None
 386:USB_DEVICE/App/usbd_desc.c ****   * @retval None
 387:USB_DEVICE/App/usbd_desc.c ****   */
 388:USB_DEVICE/App/usbd_desc.c **** static void Get_SerialNum(void)
 389:USB_DEVICE/App/usbd_desc.c **** {
 390:USB_DEVICE/App/usbd_desc.c ****   uint32_t deviceserial0;
 391:USB_DEVICE/App/usbd_desc.c ****   uint32_t deviceserial1;
 392:USB_DEVICE/App/usbd_desc.c ****   uint32_t deviceserial2;
 393:USB_DEVICE/App/usbd_desc.c **** 
 394:USB_DEVICE/App/usbd_desc.c ****   deviceserial0 = *(uint32_t *) DEVICE_ID1;
 395:USB_DEVICE/App/usbd_desc.c ****   deviceserial1 = *(uint32_t *) DEVICE_ID2;
 396:USB_DEVICE/App/usbd_desc.c ****   deviceserial2 = *(uint32_t *) DEVICE_ID3;
 397:USB_DEVICE/App/usbd_desc.c **** 
 398:USB_DEVICE/App/usbd_desc.c ****   deviceserial0 += deviceserial2;
 399:USB_DEVICE/App/usbd_desc.c **** 
 400:USB_DEVICE/App/usbd_desc.c ****   if (deviceserial0 != 0)
 401:USB_DEVICE/App/usbd_desc.c ****   {
 402:USB_DEVICE/App/usbd_desc.c ****     IntToUnicode(deviceserial0, &USBD_StringSerial[2], 8);
 403:USB_DEVICE/App/usbd_desc.c ****     IntToUnicode(deviceserial1, &USBD_StringSerial[18], 4);
 404:USB_DEVICE/App/usbd_desc.c ****   }
 405:USB_DEVICE/App/usbd_desc.c **** }
 406:USB_DEVICE/App/usbd_desc.c **** 
 407:USB_DEVICE/App/usbd_desc.c **** /**
 408:USB_DEVICE/App/usbd_desc.c ****   * @brief  Convert Hex 32Bits value into char
 409:USB_DEVICE/App/usbd_desc.c ****   * @param  value: value to convert
 410:USB_DEVICE/App/usbd_desc.c ****   * @param  pbuf: pointer to the buffer
 411:USB_DEVICE/App/usbd_desc.c ****   * @param  len: buffer length
 412:USB_DEVICE/App/usbd_desc.c ****   * @retval None
 413:USB_DEVICE/App/usbd_desc.c ****   */
 414:USB_DEVICE/App/usbd_desc.c **** static void IntToUnicode(uint32_t value, uint8_t * pbuf, uint8_t len)
 415:USB_DEVICE/App/usbd_desc.c **** {
  97              		.loc 1 415 1 is_stmt 1 view -0
  98              		.cfi_startproc
  99              		@ args = 0, pretend = 0, frame = 0
 100              		@ frame_needed = 0, uses_anonymous_args = 0
 416:USB_DEVICE/App/usbd_desc.c ****   uint8_t idx = 0;
 101              		.loc 1 416 3 view .LVU15
 417:USB_DEVICE/App/usbd_desc.c **** 
ARM GAS  /tmp/ccekNiHy.s 			page 10


 418:USB_DEVICE/App/usbd_desc.c ****   for (idx = 0; idx < len; idx++)
 102              		.loc 1 418 3 view .LVU16
 103              		.loc 1 418 12 is_stmt 0 view .LVU17
 104 0000 0023     		movs	r3, #0
 105              	.LVL5:
 106              		.loc 1 418 17 is_stmt 1 view .LVU18
 107              		.loc 1 418 3 is_stmt 0 view .LVU19
 108 0002 9342     		cmp	r3, r2
 109 0004 1ED2     		bcs	.L15
 415:USB_DEVICE/App/usbd_desc.c ****   uint8_t idx = 0;
 110              		.loc 1 415 1 view .LVU20
 111 0006 00B5     		push	{lr}
 112              	.LCFI0:
 113              		.cfi_def_cfa_offset 4
 114              		.cfi_offset 14, -4
 115 0008 10E0     		b	.L11
 116              	.L9:
 419:USB_DEVICE/App/usbd_desc.c ****   {
 420:USB_DEVICE/App/usbd_desc.c ****     if (((value >> 28)) < 0xA)
 421:USB_DEVICE/App/usbd_desc.c ****     {
 422:USB_DEVICE/App/usbd_desc.c ****       pbuf[2 * idx] = (value >> 28) + '0';
 423:USB_DEVICE/App/usbd_desc.c ****     }
 424:USB_DEVICE/App/usbd_desc.c ****     else
 425:USB_DEVICE/App/usbd_desc.c ****     {
 426:USB_DEVICE/App/usbd_desc.c ****       pbuf[2 * idx] = (value >> 28) + 'A' - 10;
 117              		.loc 1 426 7 is_stmt 1 view .LVU21
 118              		.loc 1 426 43 is_stmt 0 view .LVU22
 119 000a 0CF1370C 		add	ip, ip, #55
 120              		.loc 1 426 21 view .LVU23
 121 000e 01F813C0 		strb	ip, [r1, r3, lsl #1]
 122              	.L10:
 427:USB_DEVICE/App/usbd_desc.c ****     }
 428:USB_DEVICE/App/usbd_desc.c **** 
 429:USB_DEVICE/App/usbd_desc.c ****     value = value << 4;
 123              		.loc 1 429 5 is_stmt 1 discriminator 2 view .LVU24
 124              		.loc 1 429 11 is_stmt 0 discriminator 2 view .LVU25
 125 0012 0001     		lsls	r0, r0, #4
 126              	.LVL6:
 430:USB_DEVICE/App/usbd_desc.c **** 
 431:USB_DEVICE/App/usbd_desc.c ****     pbuf[2 * idx + 1] = 0;
 127              		.loc 1 431 5 is_stmt 1 discriminator 2 view .LVU26
 128              		.loc 1 431 12 is_stmt 0 discriminator 2 view .LVU27
 129 0014 4FEA430C 		lsl	ip, r3, #1
 130              		.loc 1 431 9 discriminator 2 view .LVU28
 131 0018 0CF1010C 		add	ip, ip, #1
 132              		.loc 1 431 23 discriminator 2 view .LVU29
 133 001c 4FF0000E 		mov	lr, #0
 134 0020 01F80CE0 		strb	lr, [r1, ip]
 418:USB_DEVICE/App/usbd_desc.c ****   {
 135              		.loc 1 418 28 is_stmt 1 discriminator 2 view .LVU30
 418:USB_DEVICE/App/usbd_desc.c ****   {
 136              		.loc 1 418 31 is_stmt 0 discriminator 2 view .LVU31
 137 0024 0133     		adds	r3, r3, #1
 138              	.LVL7:
 418:USB_DEVICE/App/usbd_desc.c ****   {
 139              		.loc 1 418 31 discriminator 2 view .LVU32
 140 0026 DBB2     		uxtb	r3, r3
ARM GAS  /tmp/ccekNiHy.s 			page 11


 141              	.LVL8:
 418:USB_DEVICE/App/usbd_desc.c ****   {
 142              		.loc 1 418 17 is_stmt 1 discriminator 2 view .LVU33
 418:USB_DEVICE/App/usbd_desc.c ****   {
 143              		.loc 1 418 3 is_stmt 0 discriminator 2 view .LVU34
 144 0028 9342     		cmp	r3, r2
 145 002a 09D2     		bcs	.L16
 146              	.L11:
 420:USB_DEVICE/App/usbd_desc.c ****     {
 147              		.loc 1 420 5 is_stmt 1 view .LVU35
 420:USB_DEVICE/App/usbd_desc.c ****     {
 148              		.loc 1 420 17 is_stmt 0 view .LVU36
 149 002c 4FEA107C 		lsr	ip, r0, #28
 420:USB_DEVICE/App/usbd_desc.c ****     {
 150              		.loc 1 420 8 view .LVU37
 151 0030 B0F1204F 		cmp	r0, #-1610612736
 152 0034 E9D2     		bcs	.L9
 422:USB_DEVICE/App/usbd_desc.c ****     }
 153              		.loc 1 422 7 is_stmt 1 view .LVU38
 422:USB_DEVICE/App/usbd_desc.c ****     }
 154              		.loc 1 422 37 is_stmt 0 view .LVU39
 155 0036 0CF1300C 		add	ip, ip, #48
 422:USB_DEVICE/App/usbd_desc.c ****     }
 156              		.loc 1 422 21 view .LVU40
 157 003a 01F813C0 		strb	ip, [r1, r3, lsl #1]
 158 003e E8E7     		b	.L10
 159              	.L16:
 432:USB_DEVICE/App/usbd_desc.c ****   }
 433:USB_DEVICE/App/usbd_desc.c **** }
 160              		.loc 1 433 1 view .LVU41
 161 0040 5DF804FB 		ldr	pc, [sp], #4
 162              	.L15:
 163              	.LCFI1:
 164              		.cfi_def_cfa_offset 0
 165              		.cfi_restore 14
 166              		.loc 1 433 1 view .LVU42
 167 0044 7047     		bx	lr
 168              		.cfi_endproc
 169              	.LFE146:
 171              		.section	.text.Get_SerialNum,"ax",%progbits
 172              		.align	1
 173              		.syntax unified
 174              		.thumb
 175              		.thumb_func
 176              		.fpu fpv4-sp-d16
 178              	Get_SerialNum:
 179              	.LFB145:
 389:USB_DEVICE/App/usbd_desc.c ****   uint32_t deviceserial0;
 180              		.loc 1 389 1 is_stmt 1 view -0
 181              		.cfi_startproc
 182              		@ args = 0, pretend = 0, frame = 0
 183              		@ frame_needed = 0, uses_anonymous_args = 0
 184 0000 38B5     		push	{r3, r4, r5, lr}
 185              	.LCFI2:
 186              		.cfi_def_cfa_offset 16
 187              		.cfi_offset 3, -16
 188              		.cfi_offset 4, -12
ARM GAS  /tmp/ccekNiHy.s 			page 12


 189              		.cfi_offset 5, -8
 190              		.cfi_offset 14, -4
 390:USB_DEVICE/App/usbd_desc.c ****   uint32_t deviceserial1;
 191              		.loc 1 390 3 view .LVU44
 391:USB_DEVICE/App/usbd_desc.c ****   uint32_t deviceserial2;
 192              		.loc 1 391 3 view .LVU45
 392:USB_DEVICE/App/usbd_desc.c **** 
 193              		.loc 1 392 3 view .LVU46
 394:USB_DEVICE/App/usbd_desc.c ****   deviceserial1 = *(uint32_t *) DEVICE_ID2;
 194              		.loc 1 394 3 view .LVU47
 394:USB_DEVICE/App/usbd_desc.c ****   deviceserial1 = *(uint32_t *) DEVICE_ID2;
 195              		.loc 1 394 17 is_stmt 0 view .LVU48
 196 0002 0B4B     		ldr	r3, .L21
 197 0004 D3F8100A 		ldr	r0, [r3, #2576]
 198              	.LVL9:
 395:USB_DEVICE/App/usbd_desc.c ****   deviceserial2 = *(uint32_t *) DEVICE_ID3;
 199              		.loc 1 395 3 is_stmt 1 view .LVU49
 395:USB_DEVICE/App/usbd_desc.c ****   deviceserial2 = *(uint32_t *) DEVICE_ID3;
 200              		.loc 1 395 17 is_stmt 0 view .LVU50
 201 0008 D3F8144A 		ldr	r4, [r3, #2580]
 202              	.LVL10:
 396:USB_DEVICE/App/usbd_desc.c **** 
 203              		.loc 1 396 3 is_stmt 1 view .LVU51
 396:USB_DEVICE/App/usbd_desc.c **** 
 204              		.loc 1 396 17 is_stmt 0 view .LVU52
 205 000c D3F8183A 		ldr	r3, [r3, #2584]
 206              	.LVL11:
 398:USB_DEVICE/App/usbd_desc.c **** 
 207              		.loc 1 398 3 is_stmt 1 view .LVU53
 400:USB_DEVICE/App/usbd_desc.c ****   {
 208              		.loc 1 400 3 view .LVU54
 400:USB_DEVICE/App/usbd_desc.c ****   {
 209              		.loc 1 400 6 is_stmt 0 view .LVU55
 210 0010 C018     		adds	r0, r0, r3
 211              	.LVL12:
 400:USB_DEVICE/App/usbd_desc.c ****   {
 212              		.loc 1 400 6 view .LVU56
 213 0012 00D1     		bne	.L20
 214              	.LVL13:
 215              	.L17:
 405:USB_DEVICE/App/usbd_desc.c **** 
 216              		.loc 1 405 1 view .LVU57
 217 0014 38BD     		pop	{r3, r4, r5, pc}
 218              	.LVL14:
 219              	.L20:
 402:USB_DEVICE/App/usbd_desc.c ****     IntToUnicode(deviceserial1, &USBD_StringSerial[18], 4);
 220              		.loc 1 402 5 is_stmt 1 view .LVU58
 221 0016 074D     		ldr	r5, .L21+4
 222 0018 0822     		movs	r2, #8
 223 001a A91C     		adds	r1, r5, #2
 224 001c FFF7FEFF 		bl	IntToUnicode
 225              	.LVL15:
 403:USB_DEVICE/App/usbd_desc.c ****   }
 226              		.loc 1 403 5 view .LVU59
 227 0020 0422     		movs	r2, #4
 228 0022 05F11201 		add	r1, r5, #18
 229 0026 2046     		mov	r0, r4
ARM GAS  /tmp/ccekNiHy.s 			page 13


 230 0028 FFF7FEFF 		bl	IntToUnicode
 231              	.LVL16:
 405:USB_DEVICE/App/usbd_desc.c **** 
 232              		.loc 1 405 1 is_stmt 0 view .LVU60
 233 002c F2E7     		b	.L17
 234              	.L22:
 235 002e 00BF     		.align	2
 236              	.L21:
 237 0030 0070FF1F 		.word	536834048
 238 0034 00000000 		.word	.LANCHOR2
 239              		.cfi_endproc
 240              	.LFE145:
 242              		.section	.text.USBD_FS_SerialStrDescriptor,"ax",%progbits
 243              		.align	1
 244              		.global	USBD_FS_SerialStrDescriptor
 245              		.syntax unified
 246              		.thumb
 247              		.thumb_func
 248              		.fpu fpv4-sp-d16
 250              	USBD_FS_SerialStrDescriptor:
 251              	.LVL17:
 252              	.LFB142:
 317:USB_DEVICE/App/usbd_desc.c ****   UNUSED(speed);
 253              		.loc 1 317 1 is_stmt 1 view -0
 254              		.cfi_startproc
 255              		@ args = 0, pretend = 0, frame = 0
 256              		@ frame_needed = 0, uses_anonymous_args = 0
 317:USB_DEVICE/App/usbd_desc.c ****   UNUSED(speed);
 257              		.loc 1 317 1 is_stmt 0 view .LVU62
 258 0000 08B5     		push	{r3, lr}
 259              	.LCFI3:
 260              		.cfi_def_cfa_offset 8
 261              		.cfi_offset 3, -8
 262              		.cfi_offset 14, -4
 318:USB_DEVICE/App/usbd_desc.c ****   *length = USB_SIZ_STRING_SERIAL;
 263              		.loc 1 318 3 is_stmt 1 view .LVU63
 319:USB_DEVICE/App/usbd_desc.c **** 
 264              		.loc 1 319 3 view .LVU64
 319:USB_DEVICE/App/usbd_desc.c **** 
 265              		.loc 1 319 11 is_stmt 0 view .LVU65
 266 0002 1A23     		movs	r3, #26
 267 0004 0B80     		strh	r3, [r1]	@ movhi
 323:USB_DEVICE/App/usbd_desc.c ****   /* USER CODE BEGIN USBD_FS_SerialStrDescriptor */
 268              		.loc 1 323 3 is_stmt 1 view .LVU66
 269 0006 FFF7FEFF 		bl	Get_SerialNum
 270              	.LVL18:
 327:USB_DEVICE/App/usbd_desc.c **** }
 271              		.loc 1 327 3 view .LVU67
 328:USB_DEVICE/App/usbd_desc.c **** 
 272              		.loc 1 328 1 is_stmt 0 view .LVU68
 273 000a 0148     		ldr	r0, .L25
 274 000c 08BD     		pop	{r3, pc}
 275              	.L26:
 276 000e 00BF     		.align	2
 277              	.L25:
 278 0010 00000000 		.word	.LANCHOR2
 279              		.cfi_endproc
ARM GAS  /tmp/ccekNiHy.s 			page 14


 280              	.LFE142:
 282              		.section	.rodata.USBD_FS_ProductStrDescriptor.str1.4,"aMS",%progbits,1
 283              		.align	2
 284              	.LC0:
 285 0000 53544D33 		.ascii	"STM32 Human interface\000"
 285      32204875 
 285      6D616E20 
 285      696E7465 
 285      72666163 
 286              		.section	.text.USBD_FS_ProductStrDescriptor,"ax",%progbits
 287              		.align	1
 288              		.global	USBD_FS_ProductStrDescriptor
 289              		.syntax unified
 290              		.thumb
 291              		.thumb_func
 292              		.fpu fpv4-sp-d16
 294              	USBD_FS_ProductStrDescriptor:
 295              	.LVL19:
 296              	.LFB140:
 285:USB_DEVICE/App/usbd_desc.c ****   if(speed == 0)
 297              		.loc 1 285 1 is_stmt 1 view -0
 298              		.cfi_startproc
 299              		@ args = 0, pretend = 0, frame = 0
 300              		@ frame_needed = 0, uses_anonymous_args = 0
 285:USB_DEVICE/App/usbd_desc.c ****   if(speed == 0)
 301              		.loc 1 285 1 is_stmt 0 view .LVU70
 302 0000 08B5     		push	{r3, lr}
 303              	.LCFI4:
 304              		.cfi_def_cfa_offset 8
 305              		.cfi_offset 3, -8
 306              		.cfi_offset 14, -4
 307 0002 0A46     		mov	r2, r1
 286:USB_DEVICE/App/usbd_desc.c ****   {
 308              		.loc 1 286 3 is_stmt 1 view .LVU71
 286:USB_DEVICE/App/usbd_desc.c ****   {
 309              		.loc 1 286 5 is_stmt 0 view .LVU72
 310 0004 28B9     		cbnz	r0, .L28
 288:USB_DEVICE/App/usbd_desc.c ****   }
 311              		.loc 1 288 5 is_stmt 1 view .LVU73
 312 0006 0549     		ldr	r1, .L31
 313              	.LVL20:
 288:USB_DEVICE/App/usbd_desc.c ****   }
 314              		.loc 1 288 5 is_stmt 0 view .LVU74
 315 0008 0548     		ldr	r0, .L31+4
 316              	.LVL21:
 288:USB_DEVICE/App/usbd_desc.c ****   }
 317              		.loc 1 288 5 view .LVU75
 318 000a FFF7FEFF 		bl	USBD_GetString
 319              	.LVL22:
 320              	.L29:
 294:USB_DEVICE/App/usbd_desc.c **** }
 321              		.loc 1 294 3 is_stmt 1 view .LVU76
 295:USB_DEVICE/App/usbd_desc.c **** 
 322              		.loc 1 295 1 is_stmt 0 view .LVU77
 323 000e 0348     		ldr	r0, .L31
 324 0010 08BD     		pop	{r3, pc}
 325              	.LVL23:
ARM GAS  /tmp/ccekNiHy.s 			page 15


 326              	.L28:
 292:USB_DEVICE/App/usbd_desc.c ****   }
 327              		.loc 1 292 5 is_stmt 1 view .LVU78
 328 0012 0249     		ldr	r1, .L31
 329              	.LVL24:
 292:USB_DEVICE/App/usbd_desc.c ****   }
 330              		.loc 1 292 5 is_stmt 0 view .LVU79
 331 0014 0248     		ldr	r0, .L31+4
 332              	.LVL25:
 292:USB_DEVICE/App/usbd_desc.c ****   }
 333              		.loc 1 292 5 view .LVU80
 334 0016 FFF7FEFF 		bl	USBD_GetString
 335              	.LVL26:
 292:USB_DEVICE/App/usbd_desc.c ****   }
 336              		.loc 1 292 5 view .LVU81
 337 001a F8E7     		b	.L29
 338              	.L32:
 339              		.align	2
 340              	.L31:
 341 001c 00000000 		.word	.LANCHOR3
 342 0020 00000000 		.word	.LC0
 343              		.cfi_endproc
 344              	.LFE140:
 346              		.section	.rodata.USBD_FS_ManufacturerStrDescriptor.str1.4,"aMS",%progbits,1
 347              		.align	2
 348              	.LC1:
 349 0000 53544D69 		.ascii	"STMicroelectronics\000"
 349      63726F65 
 349      6C656374 
 349      726F6E69 
 349      637300
 350              		.section	.text.USBD_FS_ManufacturerStrDescriptor,"ax",%progbits
 351              		.align	1
 352              		.global	USBD_FS_ManufacturerStrDescriptor
 353              		.syntax unified
 354              		.thumb
 355              		.thumb_func
 356              		.fpu fpv4-sp-d16
 358              	USBD_FS_ManufacturerStrDescriptor:
 359              	.LVL27:
 360              	.LFB141:
 304:USB_DEVICE/App/usbd_desc.c ****   UNUSED(speed);
 361              		.loc 1 304 1 is_stmt 1 view -0
 362              		.cfi_startproc
 363              		@ args = 0, pretend = 0, frame = 0
 364              		@ frame_needed = 0, uses_anonymous_args = 0
 304:USB_DEVICE/App/usbd_desc.c ****   UNUSED(speed);
 365              		.loc 1 304 1 is_stmt 0 view .LVU83
 366 0000 10B5     		push	{r4, lr}
 367              	.LCFI5:
 368              		.cfi_def_cfa_offset 8
 369              		.cfi_offset 4, -8
 370              		.cfi_offset 14, -4
 371 0002 0A46     		mov	r2, r1
 305:USB_DEVICE/App/usbd_desc.c ****   USBD_GetString((uint8_t *)USBD_MANUFACTURER_STRING, USBD_StrDesc, length);
 372              		.loc 1 305 3 is_stmt 1 view .LVU84
 306:USB_DEVICE/App/usbd_desc.c ****   return USBD_StrDesc;
ARM GAS  /tmp/ccekNiHy.s 			page 16


 373              		.loc 1 306 3 view .LVU85
 374 0004 034C     		ldr	r4, .L35
 375 0006 2146     		mov	r1, r4
 376              	.LVL28:
 306:USB_DEVICE/App/usbd_desc.c ****   return USBD_StrDesc;
 377              		.loc 1 306 3 is_stmt 0 view .LVU86
 378 0008 0348     		ldr	r0, .L35+4
 379              	.LVL29:
 306:USB_DEVICE/App/usbd_desc.c ****   return USBD_StrDesc;
 380              		.loc 1 306 3 view .LVU87
 381 000a FFF7FEFF 		bl	USBD_GetString
 382              	.LVL30:
 307:USB_DEVICE/App/usbd_desc.c **** }
 383              		.loc 1 307 3 is_stmt 1 view .LVU88
 308:USB_DEVICE/App/usbd_desc.c **** 
 384              		.loc 1 308 1 is_stmt 0 view .LVU89
 385 000e 2046     		mov	r0, r4
 386 0010 10BD     		pop	{r4, pc}
 387              	.L36:
 388 0012 00BF     		.align	2
 389              	.L35:
 390 0014 00000000 		.word	.LANCHOR3
 391 0018 00000000 		.word	.LC1
 392              		.cfi_endproc
 393              	.LFE141:
 395              		.section	.rodata.USBD_FS_ConfigStrDescriptor.str1.4,"aMS",%progbits,1
 396              		.align	2
 397              	.LC2:
 398 0000 48494420 		.ascii	"HID Config\000"
 398      436F6E66 
 398      696700
 399              		.section	.text.USBD_FS_ConfigStrDescriptor,"ax",%progbits
 400              		.align	1
 401              		.global	USBD_FS_ConfigStrDescriptor
 402              		.syntax unified
 403              		.thumb
 404              		.thumb_func
 405              		.fpu fpv4-sp-d16
 407              	USBD_FS_ConfigStrDescriptor:
 408              	.LVL31:
 409              	.LFB143:
 337:USB_DEVICE/App/usbd_desc.c ****   if(speed == USBD_SPEED_HIGH)
 410              		.loc 1 337 1 is_stmt 1 view -0
 411              		.cfi_startproc
 412              		@ args = 0, pretend = 0, frame = 0
 413              		@ frame_needed = 0, uses_anonymous_args = 0
 337:USB_DEVICE/App/usbd_desc.c ****   if(speed == USBD_SPEED_HIGH)
 414              		.loc 1 337 1 is_stmt 0 view .LVU91
 415 0000 08B5     		push	{r3, lr}
 416              	.LCFI6:
 417              		.cfi_def_cfa_offset 8
 418              		.cfi_offset 3, -8
 419              		.cfi_offset 14, -4
 420 0002 0A46     		mov	r2, r1
 338:USB_DEVICE/App/usbd_desc.c ****   {
 421              		.loc 1 338 3 is_stmt 1 view .LVU92
 338:USB_DEVICE/App/usbd_desc.c ****   {
ARM GAS  /tmp/ccekNiHy.s 			page 17


 422              		.loc 1 338 5 is_stmt 0 view .LVU93
 423 0004 28B9     		cbnz	r0, .L38
 340:USB_DEVICE/App/usbd_desc.c ****   }
 424              		.loc 1 340 5 is_stmt 1 view .LVU94
 425 0006 0549     		ldr	r1, .L41
 426              	.LVL32:
 340:USB_DEVICE/App/usbd_desc.c ****   }
 427              		.loc 1 340 5 is_stmt 0 view .LVU95
 428 0008 0548     		ldr	r0, .L41+4
 429              	.LVL33:
 340:USB_DEVICE/App/usbd_desc.c ****   }
 430              		.loc 1 340 5 view .LVU96
 431 000a FFF7FEFF 		bl	USBD_GetString
 432              	.LVL34:
 433              	.L39:
 346:USB_DEVICE/App/usbd_desc.c **** }
 434              		.loc 1 346 3 is_stmt 1 view .LVU97
 347:USB_DEVICE/App/usbd_desc.c **** 
 435              		.loc 1 347 1 is_stmt 0 view .LVU98
 436 000e 0348     		ldr	r0, .L41
 437 0010 08BD     		pop	{r3, pc}
 438              	.LVL35:
 439              	.L38:
 344:USB_DEVICE/App/usbd_desc.c ****   }
 440              		.loc 1 344 5 is_stmt 1 view .LVU99
 441 0012 0249     		ldr	r1, .L41
 442              	.LVL36:
 344:USB_DEVICE/App/usbd_desc.c ****   }
 443              		.loc 1 344 5 is_stmt 0 view .LVU100
 444 0014 0248     		ldr	r0, .L41+4
 445              	.LVL37:
 344:USB_DEVICE/App/usbd_desc.c ****   }
 446              		.loc 1 344 5 view .LVU101
 447 0016 FFF7FEFF 		bl	USBD_GetString
 448              	.LVL38:
 344:USB_DEVICE/App/usbd_desc.c ****   }
 449              		.loc 1 344 5 view .LVU102
 450 001a F8E7     		b	.L39
 451              	.L42:
 452              		.align	2
 453              	.L41:
 454 001c 00000000 		.word	.LANCHOR3
 455 0020 00000000 		.word	.LC2
 456              		.cfi_endproc
 457              	.LFE143:
 459              		.section	.rodata.USBD_FS_InterfaceStrDescriptor.str1.4,"aMS",%progbits,1
 460              		.align	2
 461              	.LC3:
 462 0000 48494420 		.ascii	"HID Interface\000"
 462      496E7465 
 462      72666163 
 462      6500
 463              		.section	.text.USBD_FS_InterfaceStrDescriptor,"ax",%progbits
 464              		.align	1
 465              		.global	USBD_FS_InterfaceStrDescriptor
 466              		.syntax unified
 467              		.thumb
ARM GAS  /tmp/ccekNiHy.s 			page 18


 468              		.thumb_func
 469              		.fpu fpv4-sp-d16
 471              	USBD_FS_InterfaceStrDescriptor:
 472              	.LVL39:
 473              	.LFB144:
 356:USB_DEVICE/App/usbd_desc.c ****   if(speed == 0)
 474              		.loc 1 356 1 is_stmt 1 view -0
 475              		.cfi_startproc
 476              		@ args = 0, pretend = 0, frame = 0
 477              		@ frame_needed = 0, uses_anonymous_args = 0
 356:USB_DEVICE/App/usbd_desc.c ****   if(speed == 0)
 478              		.loc 1 356 1 is_stmt 0 view .LVU104
 479 0000 08B5     		push	{r3, lr}
 480              	.LCFI7:
 481              		.cfi_def_cfa_offset 8
 482              		.cfi_offset 3, -8
 483              		.cfi_offset 14, -4
 484 0002 0A46     		mov	r2, r1
 357:USB_DEVICE/App/usbd_desc.c ****   {
 485              		.loc 1 357 3 is_stmt 1 view .LVU105
 357:USB_DEVICE/App/usbd_desc.c ****   {
 486              		.loc 1 357 5 is_stmt 0 view .LVU106
 487 0004 28B9     		cbnz	r0, .L44
 359:USB_DEVICE/App/usbd_desc.c ****   }
 488              		.loc 1 359 5 is_stmt 1 view .LVU107
 489 0006 0549     		ldr	r1, .L47
 490              	.LVL40:
 359:USB_DEVICE/App/usbd_desc.c ****   }
 491              		.loc 1 359 5 is_stmt 0 view .LVU108
 492 0008 0548     		ldr	r0, .L47+4
 493              	.LVL41:
 359:USB_DEVICE/App/usbd_desc.c ****   }
 494              		.loc 1 359 5 view .LVU109
 495 000a FFF7FEFF 		bl	USBD_GetString
 496              	.LVL42:
 497              	.L45:
 365:USB_DEVICE/App/usbd_desc.c **** }
 498              		.loc 1 365 3 is_stmt 1 view .LVU110
 366:USB_DEVICE/App/usbd_desc.c **** 
 499              		.loc 1 366 1 is_stmt 0 view .LVU111
 500 000e 0348     		ldr	r0, .L47
 501 0010 08BD     		pop	{r3, pc}
 502              	.LVL43:
 503              	.L44:
 363:USB_DEVICE/App/usbd_desc.c ****   }
 504              		.loc 1 363 5 is_stmt 1 view .LVU112
 505 0012 0249     		ldr	r1, .L47
 506              	.LVL44:
 363:USB_DEVICE/App/usbd_desc.c ****   }
 507              		.loc 1 363 5 is_stmt 0 view .LVU113
 508 0014 0248     		ldr	r0, .L47+4
 509              	.LVL45:
 363:USB_DEVICE/App/usbd_desc.c ****   }
 510              		.loc 1 363 5 view .LVU114
 511 0016 FFF7FEFF 		bl	USBD_GetString
 512              	.LVL46:
 363:USB_DEVICE/App/usbd_desc.c ****   }
ARM GAS  /tmp/ccekNiHy.s 			page 19


 513              		.loc 1 363 5 view .LVU115
 514 001a F8E7     		b	.L45
 515              	.L48:
 516              		.align	2
 517              	.L47:
 518 001c 00000000 		.word	.LANCHOR3
 519 0020 00000000 		.word	.LC3
 520              		.cfi_endproc
 521              	.LFE144:
 523              		.global	USBD_StringSerial
 524              		.global	USBD_StrDesc
 525              		.global	USBD_LangIDDesc
 526              		.global	USBD_FS_DeviceDesc
 527              		.global	FS_Desc
 528              		.section	.bss.USBD_StrDesc,"aw",%nobits
 529              		.align	2
 530              		.set	.LANCHOR3,. + 0
 533              	USBD_StrDesc:
 534 0000 00000000 		.space	512
 534      00000000 
 534      00000000 
 534      00000000 
 534      00000000 
 535              		.section	.data.FS_Desc,"aw"
 536              		.align	2
 539              	FS_Desc:
 540 0000 00000000 		.word	USBD_FS_DeviceDescriptor
 541 0004 00000000 		.word	USBD_FS_LangIDStrDescriptor
 542 0008 00000000 		.word	USBD_FS_ManufacturerStrDescriptor
 543 000c 00000000 		.word	USBD_FS_ProductStrDescriptor
 544 0010 00000000 		.word	USBD_FS_SerialStrDescriptor
 545 0014 00000000 		.word	USBD_FS_ConfigStrDescriptor
 546 0018 00000000 		.word	USBD_FS_InterfaceStrDescriptor
 547              		.section	.data.USBD_FS_DeviceDesc,"aw"
 548              		.align	2
 549              		.set	.LANCHOR0,. + 0
 552              	USBD_FS_DeviceDesc:
 553 0000 12010002 		.ascii	"\022\001\000\002\000\000\000@\203\004-W\000\002\001"
 553      00000040 
 553      83042D57 
 553      000201
 554 000f 020301   		.ascii	"\002\003\001"
 555              		.section	.data.USBD_LangIDDesc,"aw"
 556              		.align	2
 557              		.set	.LANCHOR1,. + 0
 560              	USBD_LangIDDesc:
 561 0000 04030904 		.ascii	"\004\003\011\004"
 562              		.section	.data.USBD_StringSerial,"aw"
 563              		.align	2
 564              		.set	.LANCHOR2,. + 0
 567              	USBD_StringSerial:
 568 0000 1A0300   		.ascii	"\032\003\000"
 569 0003 00000000 		.space	23
 569      00000000 
 569      00000000 
 569      00000000 
 569      00000000 
ARM GAS  /tmp/ccekNiHy.s 			page 20


 570              		.text
 571              	.Letext0:
 572              		.file 2 "/usr/include/newlib/machine/_default_types.h"
 573              		.file 3 "/usr/include/newlib/sys/_stdint.h"
 574              		.file 4 "Middlewares/ST/STM32_USB_Device_Library/Core/Inc/usbd_def.h"
 575              		.file 5 "USB_DEVICE/App/usbd_desc.h"
 576              		.file 6 "Middlewares/ST/STM32_USB_Device_Library/Core/Inc/usbd_ctlreq.h"
ARM GAS  /tmp/ccekNiHy.s 			page 21


DEFINED SYMBOLS
                            *ABS*:0000000000000000 usbd_desc.c
     /tmp/ccekNiHy.s:18     .text.USBD_FS_DeviceDescriptor:0000000000000000 $t
     /tmp/ccekNiHy.s:26     .text.USBD_FS_DeviceDescriptor:0000000000000000 USBD_FS_DeviceDescriptor
     /tmp/ccekNiHy.s:49     .text.USBD_FS_DeviceDescriptor:0000000000000008 $d
     /tmp/ccekNiHy.s:54     .text.USBD_FS_LangIDStrDescriptor:0000000000000000 $t
     /tmp/ccekNiHy.s:61     .text.USBD_FS_LangIDStrDescriptor:0000000000000000 USBD_FS_LangIDStrDescriptor
     /tmp/ccekNiHy.s:83     .text.USBD_FS_LangIDStrDescriptor:0000000000000008 $d
     /tmp/ccekNiHy.s:88     .text.IntToUnicode:0000000000000000 $t
     /tmp/ccekNiHy.s:94     .text.IntToUnicode:0000000000000000 IntToUnicode
     /tmp/ccekNiHy.s:172    .text.Get_SerialNum:0000000000000000 $t
     /tmp/ccekNiHy.s:178    .text.Get_SerialNum:0000000000000000 Get_SerialNum
     /tmp/ccekNiHy.s:237    .text.Get_SerialNum:0000000000000030 $d
     /tmp/ccekNiHy.s:243    .text.USBD_FS_SerialStrDescriptor:0000000000000000 $t
     /tmp/ccekNiHy.s:250    .text.USBD_FS_SerialStrDescriptor:0000000000000000 USBD_FS_SerialStrDescriptor
     /tmp/ccekNiHy.s:278    .text.USBD_FS_SerialStrDescriptor:0000000000000010 $d
     /tmp/ccekNiHy.s:283    .rodata.USBD_FS_ProductStrDescriptor.str1.4:0000000000000000 $d
     /tmp/ccekNiHy.s:287    .text.USBD_FS_ProductStrDescriptor:0000000000000000 $t
     /tmp/ccekNiHy.s:294    .text.USBD_FS_ProductStrDescriptor:0000000000000000 USBD_FS_ProductStrDescriptor
     /tmp/ccekNiHy.s:341    .text.USBD_FS_ProductStrDescriptor:000000000000001c $d
     /tmp/ccekNiHy.s:347    .rodata.USBD_FS_ManufacturerStrDescriptor.str1.4:0000000000000000 $d
     /tmp/ccekNiHy.s:351    .text.USBD_FS_ManufacturerStrDescriptor:0000000000000000 $t
     /tmp/ccekNiHy.s:358    .text.USBD_FS_ManufacturerStrDescriptor:0000000000000000 USBD_FS_ManufacturerStrDescriptor
     /tmp/ccekNiHy.s:390    .text.USBD_FS_ManufacturerStrDescriptor:0000000000000014 $d
     /tmp/ccekNiHy.s:396    .rodata.USBD_FS_ConfigStrDescriptor.str1.4:0000000000000000 $d
     /tmp/ccekNiHy.s:400    .text.USBD_FS_ConfigStrDescriptor:0000000000000000 $t
     /tmp/ccekNiHy.s:407    .text.USBD_FS_ConfigStrDescriptor:0000000000000000 USBD_FS_ConfigStrDescriptor
     /tmp/ccekNiHy.s:454    .text.USBD_FS_ConfigStrDescriptor:000000000000001c $d
     /tmp/ccekNiHy.s:460    .rodata.USBD_FS_InterfaceStrDescriptor.str1.4:0000000000000000 $d
     /tmp/ccekNiHy.s:464    .text.USBD_FS_InterfaceStrDescriptor:0000000000000000 $t
     /tmp/ccekNiHy.s:471    .text.USBD_FS_InterfaceStrDescriptor:0000000000000000 USBD_FS_InterfaceStrDescriptor
     /tmp/ccekNiHy.s:518    .text.USBD_FS_InterfaceStrDescriptor:000000000000001c $d
     /tmp/ccekNiHy.s:567    .data.USBD_StringSerial:0000000000000000 USBD_StringSerial
     /tmp/ccekNiHy.s:533    .bss.USBD_StrDesc:0000000000000000 USBD_StrDesc
     /tmp/ccekNiHy.s:560    .data.USBD_LangIDDesc:0000000000000000 USBD_LangIDDesc
     /tmp/ccekNiHy.s:552    .data.USBD_FS_DeviceDesc:0000000000000000 USBD_FS_DeviceDesc
     /tmp/ccekNiHy.s:539    .data.FS_Desc:0000000000000000 FS_Desc
     /tmp/ccekNiHy.s:529    .bss.USBD_StrDesc:0000000000000000 $d
     /tmp/ccekNiHy.s:536    .data.FS_Desc:0000000000000000 $d
     /tmp/ccekNiHy.s:548    .data.USBD_FS_DeviceDesc:0000000000000000 $d
     /tmp/ccekNiHy.s:556    .data.USBD_LangIDDesc:0000000000000000 $d
     /tmp/ccekNiHy.s:563    .data.USBD_StringSerial:0000000000000000 $d

UNDEFINED SYMBOLS
USBD_GetString
